<?xml version="1.0" encoding="UTF-8"?>
<!-- Generated by org.testng.reporters.JUnitReportReporter -->
<testsuite hostname="DESKTOP-4LTNLGB" failures="0" tests="1" name="amazon.com.searchProductintoCart.SearchProductIntoCartTest" time="43.153" errors="0" timestamp="2025-08-14T01:17:20 IST" skipped="0">
  <testcase classname="amazon.com.searchProductintoCart.SearchProductIntoCartTest" name="searchproductwithcart" time="43.153"/>
  <system-out/>
</testsuite> <!-- amazon.com.searchProductintoCart.SearchProductIntoCartTest -->
