<?xml version="1.0" encoding="UTF-8"?>
<!-- Generated by org.testng.reporters.JUnitReportReporter -->
<testsuite hostname="DESKTOP-4LTNLGB" failures="0" tests="1" name="amazon.com.searchProductintoCart.SearchProductIntoCart" time="33.858" errors="0" timestamp="2025-08-12T00:56:04 IST" skipped="0">
  <testcase classname="amazon.com.searchProductintoCart.SearchProductIntoCart" name="searchproductwithcart" time="33.858"/>
  <system-out/>
</testsuite> <!-- amazon.com.searchProductintoCart.SearchProductIntoCart -->
